ℹ️  Logging to .muxm.tmp.9Gr0b4Qi/muxm.20251202-221045.log
=== MuxMaster v1.2 — CLI: muxm
=== Input      : /srv/plex-storage/data/plex/tv/The Amazing Race/Season 20/The Amazing Race S20E10 HDTV XviD-2HD [eztv].avi
=== Output     : /var/cache/muxm/output/test_nvenc.mp4
=== Workdir    : .muxm.tmp.9Gr0b4Qi
=== Defaults   : CRF=18  StereoBitrate=192k  Preset=slower
ℹ️  Config layers: ./.muxmrc
ℹ️  Source video codec (mpeg4) requires transcoding to H.265.
⚠️  NVENC not available. Falling back to libx265 (CPU).
[1/10] Video preparation (passthrough=0, codec=mpeg4)…
[2/10] Encoding video to H.265 (SDR, yuv420p)…
ℹ️  Using CPU encoding (libx265, preset=slower, crf=18)
x265 [info]: HEVC encoder version 4.1+1-1d117be
x265 [info]: build info [Linux][GCC 14.2.0][64 bit] 8bit+10bit+12bit
x265 [info]: using cpu capabilities: MMX2 SSE2Fast LZCNT SSSE3 SSE4.2 AVX FMA3 BMI2 AVX2
x265 [info]: Main profile, Level-2.1 (Main tier)
x265 [info]: Thread pool created using 20 threads
x265 [info]: Slices                              : 1
x265 [info]: frame threads / pool features       : 16 / wpp(6 rows)
x265 [info]: Coding QT: max CU size, min CU size : 64 / 8
x265 [info]: Residual QT: max TU size, max depth : 32 / 3 inter / 3 intra
x265 [info]: ME / range / subpel / merge         : star / 57 / 4 / 4
x265 [info]: Keyframe min / max / scenecut / bias  : 25 / 250 / 40 / 5.00 
x265 [info]: Lookahead / bframes / badapt        : 60 / 8 / 2
x265 [info]: b-pyramid / weightp / weightb       : 1 / 1 / 1
x265 [info]: References / ref-limit  cu / depth  : 5 / off / on
x265 [info]: AQ: mode / str / qg-size / cu-tree  : 3 / 1.3 / 32 / 1
x265 [info]: Rate Control / qCompress            : CRF-18.0 / 0.60
x265 [info]: tools: rect amp limit-modes rd=6 psy-rd=2.00 rdoq=2 psy-rdoq=1.00
x265 [info]: tools: rskip mode=1 limit-tu=4 signhide tmvp b-intra
x265 [info]: tools: strong-intra-smoothing deblock sao
